<?xml version="1.0" encoding="UTF-8"?>
<!-- Generated by org.testng.reporters.JUnitReportReporter -->
<testsuite skipped="0" hostname="DESKTOP-HIHCL81" name="Demo_testNG.Ignoring_method" tests="3" failures="0" timestamp="30 Aug 2022 03:47:52 GMT" time="0.028" errors="0">
  <testcase name="createAccount" time="0.019" classname="Demo_testNG.Ignoring_method"/>
  <testcase name="modifyaccount" time="0.004" classname="Demo_testNG.Ignoring_method"/>
  <testcase name="deleteaccount" time="0.005" classname="Demo_testNG.Ignoring_method"/>
</testsuite> <!-- Demo_testNG.Ignoring_method -->
