<?xml version="1.0" encoding="UTF-8"?>
<!-- Generated by org.testng.reporters.JUnitReportReporter -->
<testsuite skipped="0" hostname="DESKTOP-HIHCL81" name="BatchTest.PaymentTest" tests="2" failures="0" timestamp="29 Aug 2022 07:13:51 GMT" time="0.033" errors="0">
  <testcase name="paymentIndianRupees" time="0.026" classname="BatchTest.PaymentTest"/>
  <testcase name="paymentdollar" time="0.007" classname="BatchTest.PaymentTest"/>
</testsuite> <!-- BatchTest.PaymentTest -->
