<?xml version="1.0" encoding="UTF-8"?>
<!-- Generated by org.testng.reporters.JUnitReportReporter -->
<testsuite skipped="0" hostname="DESKTOP-HIHCL81" name="Demo_testNG.DependecyMethod" tests="4" failures="0" timestamp="30 Aug 2022 03:52:37 GMT" time="0.033" errors="0">
  <testcase name="createAccount" time="0.026" classname="Demo_testNG.DependecyMethod"/>
  <testcase name="modifyaccount" time="0.002" classname="Demo_testNG.DependecyMethod"/>
  <testcase name="deleteaccount" time="0.002" classname="Demo_testNG.DependecyMethod"/>
  <testcase name="editaccount" time="0.003" classname="Demo_testNG.DependecyMethod"/>
</testsuite> <!-- Demo_testNG.DependecyMethod -->
