<?xml version="1.0" encoding="UTF-8"?>
<!-- Generated by org.testng.reporters.JUnitReportReporter -->
<testsuite skipped="0" hostname="DESKTOP-HIHCL81" name="YoutubestudyTestNG.Using_periority" tests="4" failures="0" timestamp="30 Aug 2022 03:44:40 GMT" time="0.024" errors="0">
  <testcase name="createAccount" time="0.015" classname="YoutubestudyTestNG.Using_periority"/>
  <testcase name="deleteaccount" time="0.002" classname="YoutubestudyTestNG.Using_periority"/>
  <testcase name="modifyaccount" time="0.003" classname="YoutubestudyTestNG.Using_periority"/>
  <testcase name="editaccount" time="0.004" classname="YoutubestudyTestNG.Using_periority"/>
</testsuite> <!-- YoutubestudyTestNG.Using_periority -->
