<?xml version="1.0" encoding="UTF-8"?>
<!-- Generated by org.testng.reporters.JUnitReportReporter -->
<testsuite skipped="0" hostname="DESKTOP-HIHCL81" name="BatchTest.PaymentReturn" tests="1" failures="0" timestamp="29 Aug 2022 07:13:58 GMT" time="0.022" errors="0">
  <testcase name="paymentreturn" time="0.022" classname="BatchTest.PaymentReturn"/>
</testsuite> <!-- BatchTest.PaymentReturn -->
