<?xml version="1.0" encoding="UTF-8"?>
<!-- Generated by org.testng.reporters.JUnitReportReporter -->
<testsuite skipped="0" hostname="DESKTOP-HIHCL81" name="BatchTest.SignUp" tests="3" failures="0" timestamp="29 Aug 2022 07:13:37 GMT" time="0.024" errors="0">
  <testcase name="twitter" time="0.001" classname="BatchTest.SignUp"/>
  <testcase name="email" time="0.021" classname="BatchTest.SignUp"/>
  <testcase name="facebook" time="0.002" classname="BatchTest.SignUp"/>
</testsuite> <!-- BatchTest.SignUp -->
