<?xml version="1.0" encoding="UTF-8"?>
<!-- Generated by org.testng.reporters.JUnitReportReporter -->
<testsuite skipped="0" hostname="DESKTOP-HIHCL81" name="Demo_testNG.Assertion_method" tests="3" failures="0" timestamp="30 Aug 2022 04:07:16 GMT" time="0.018" errors="0">
  <testcase name="createAccount" time="0.015" classname="Demo_testNG.Assertion_method"/>
  <testcase name="deleteaccount" time="0.002" classname="Demo_testNG.Assertion_method"/>
  <testcase name="modifyaccount" time="0.001" classname="Demo_testNG.Assertion_method"/>
</testsuite> <!-- Demo_testNG.Assertion_method -->
