<?xml version="1.0" encoding="UTF-8"?>
<!-- Generated by org.testng.reporters.JUnitReportReporter -->
<testsuite skipped="0" hostname="DESKTOP-HIHCL81" name="BatchTest.LoginTest" tests="3" failures="0" timestamp="29 Aug 2022 07:09:37 GMT" time="0.045" errors="0">
  <testcase name="twitter" time="0.007" classname="BatchTest.LoginTest"/>
  <testcase name="email" time="0.030" classname="BatchTest.LoginTest"/>
  <testcase name="facebook" time="0.008" classname="BatchTest.LoginTest"/>
</testsuite> <!-- BatchTest.LoginTest -->
