<?xml version="1.0" encoding="UTF-8"?>
<!-- Generated by org.testng.reporters.JUnitReportReporter -->
<testsuite skipped="0" hostname="DESKTOP-HIHCL81" name="Demo_testNG.My_First" tests="3" failures="0" timestamp="29 Aug 2022 04:52:59 GMT" time="0.023" errors="0">
  <testcase name="edithAccount" time="0.001" classname="Demo_testNG.My_First"/>
  <testcase name="Deleteaccount" time="0.016" classname="Demo_testNG.My_First"/>
  <testcase name="createAccout" time="0.006" classname="Demo_testNG.My_First"/>
</testsuite> <!-- Demo_testNG.My_First -->
